<?xml version="1.0" encoding="UTF-8"?>
<!-- Generated by org.testng.reporters.JUnitReportReporter -->
<testsuite hostname="DESKTOP-TRSHQ7E" failures="0" tests="2" name="sequenceOfTestCases.CheckingSeqOfTestCase" time="0.057" errors="0" timestamp="2022-10-06T01:00:36 IST" skipped="0">
  <testcase classname="sequenceOfTestCases.CheckingSeqOfTestCase" name="verifyUrlPage" time="0.019"/>
  <system-out/>
  <testcase classname="sequenceOfTestCases.CheckingSeqOfTestCase" name="varifyTitlePage" time="0.038"/>
  <system-out/>
</testsuite> <!-- sequenceOfTestCases.CheckingSeqOfTestCase -->
