<?xml version="1.0" encoding="UTF-8"?>
<!-- Generated by org.testng.reporters.JUnitReportReporter -->
<testsuite hostname="DESKTOP-TRSHQ7E" failures="0" tests="2" name="com.mystore.testcases.IndexPageTest" time="218.641" errors="0" timestamp="2022-09-23T00:35:47 IST" skipped="0">
  <testcase classname="com.mystore.testcases.IndexPageTest" name="verifyTitle" time="85.029"/>
  <system-out/>
  <testcase classname="com.mystore.testcases.IndexPageTest" name="verifyLogo" time="133.612"/>
  <system-out/>
</testsuite> <!-- com.mystore.testcases.IndexPageTest -->
