<?xml version="1.0" encoding="UTF-8"?>
<!-- Generated by org.testng.reporters.JUnitReportReporter -->
<testsuite hostname="DESKTOP-TRSHQ7E" failures="0" tests="2" name="com.mystore.testcases.HomePageTest" time="176.480" errors="0" timestamp="2022-09-18T12:59:28 IST" skipped="0">
  <testcase classname="com.mystore.testcases.HomePageTest" name="orderHistoryDetailsTest" time="72.082"/>
  <system-out/>
  <testcase classname="com.mystore.testcases.HomePageTest" name="wishList" time="104.398"/>
  <system-out/>
</testsuite> <!-- com.mystore.testcases.HomePageTest -->
