<?xml version="1.0" encoding="UTF-8"?>
<!-- Generated by org.testng.reporters.JUnitReportReporter -->
<testsuite hostname="DESKTOP-TRSHQ7E" failures="0" tests="1" name="com.mystore.testcases.LoginPageTest" time="75.492" errors="0" timestamp="2022-09-18T00:39:38 IST" skipped="0">
  <testcase classname="com.mystore.testcases.LoginPageTest" name="loginTest" time="75.492"/>
  <system-out/>
</testsuite> <!-- com.mystore.testcases.LoginPageTest -->
